<?xml version="1.0" encoding="UTF-8"?>
<testng-results ignored="0" total="1" passed="1" failed="0" skipped="0">
  <reporter-output>
  </reporter-output>
  <suite started-at="2024-01-31T16:23:08 IST" name="Default suite" finished-at="2024-01-31T16:23:20 IST" duration-ms="11969">
    <groups>
    </groups>
    <test started-at="2024-01-31T16:23:08 IST" name="Default test" finished-at="2024-01-31T16:23:20 IST" duration-ms="11969">
      <class name="com.Test.LeaveTest">
        <test-method signature="verifyLeave()[pri:0, instance:com.Test.LeaveTest@10e41621]" started-at="2024-01-31T16:23:08 IST" name="verifyLeave" finished-at="2024-01-31T16:23:20 IST" duration-ms="11907" status="PASS">
          <reporter-output>
          </reporter-output>
        </test-method> <!-- verifyLeave -->
      </class> <!-- com.Test.LeaveTest -->
    </test> <!-- Default test -->
  </suite> <!-- Default suite -->
</testng-results>
